<?xml version="1.0" encoding="UTF-8"?>
<!-- Generated by org.testng.reporters.JUnitReportReporter -->
<testsuite skipped="0" hostname="LNGCPTL0000012" name="com.iLABWebsite.testCase.TC_TesterApplicationTest_001" tests="1" failures="0" timestamp="13 Jan 2020 19:28:46 GMT" time="49.676" errors="0">
  <testcase name="ApplicationTest" time="49.676" classname="com.iLABWebsite.testCase.TC_TesterApplicationTest_001"/>
</testsuite> <!-- com.iLABWebsite.testCase.TC_TesterApplicationTest_001 -->
