<?xml version="1.0" encoding="UTF-8"?>
<!-- Generated by org.testng.reporters.JUnitReportReporter -->
<testsuite skipped="0" hostname="LNGCPTL0000012" name="com.iLABWebsite.testCase.TC_TesterApplicationTest_001" tests="1" failures="0" timestamp="28 Nov 2019 10:29:45 GMT" time="50.022" errors="0">
  <testcase name="ApplicationTest" time="50.022" classname="com.iLABWebsite.testCase.TC_TesterApplicationTest_001"/>
</testsuite> <!-- com.iLABWebsite.testCase.TC_TesterApplicationTest_001 -->
